<?xml version="1.0" encoding="UTF-8"?>
<testng-results skipped="0" failed="0" ignored="0" total="1" passed="1">
  <reporter-output>
  </reporter-output>
  <suite name="Default suite" duration-ms="47926" started-at="2020-02-08T17:59:51Z" finished-at="2020-02-08T18:00:39Z">
    <groups>
    </groups>
    <test name="Default test" duration-ms="47926" started-at="2020-02-08T17:59:51Z" finished-at="2020-02-08T18:00:39Z">
      <class name="com.gpsoft.tests.LoginTest">
        <test-method status="PASS" signature="setUp()[pri:0, instance:com.gpsoft.tests.LoginTest@4b9e13df]" name="setUp" is-config="true" duration-ms="33345" started-at="2020-02-08T17:59:52Z" finished-at="2020-02-08T18:00:25Z">
          <reporter-output>
          </reporter-output>
        </test-method> <!-- setUp -->
        <test-method status="PASS" signature="titleTest()[pri:0, instance:com.gpsoft.tests.LoginTest@4b9e13df]" name="titleTest" duration-ms="12894" started-at="2020-02-08T18:00:25Z" finished-at="2020-02-08T18:00:38Z">
          <reporter-output>
          </reporter-output>
        </test-method> <!-- titleTest -->
        <test-method status="PASS" signature="tearDown()[pri:0, instance:com.gpsoft.tests.LoginTest@4b9e13df]" name="tearDown" is-config="true" duration-ms="1461" started-at="2020-02-08T18:00:38Z" finished-at="2020-02-08T18:00:39Z">
          <reporter-output>
          </reporter-output>
        </test-method> <!-- tearDown -->
      </class> <!-- com.gpsoft.tests.LoginTest -->
    </test> <!-- Default test -->
  </suite> <!-- Default suite -->
</testng-results>
